d:\coe_sasa\icf_autocapsule_disabled\ycapture-src-0.1.1\ycapture\ycapture\x64\release\ycapture.pch
d:\coe_sasa\icf_autocapsule_disabled\ycapture-src-0.1.1\ycapture\ycapture\x64\release\vc142.pdb
d:\coe_sasa\icf_autocapsule_disabled\ycapture-src-0.1.1\ycapture\ycapture\x64\release\stdafx.obj
d:\coe_sasa\icf_autocapsule_disabled\ycapture-src-0.1.1\ycapture\ycapture\x64\release\ycapture.obj
d:\coe_sasa\icf_autocapsule_disabled\ycapture-src-0.1.1\ycapture\ycapture\x64\release\nullreceiver.obj
d:\coe_sasa\icf_autocapsule_disabled\ycapture-src-0.1.1\ycapture\ycapture\x64\release\eventreceiver.obj
d:\coe_sasa\icf_autocapsule_disabled\ycapture-src-0.1.1\ycapture\ycapture\x64\release\capturesource.obj
d:\coe_sasa\icf_autocapsule_disabled\ycapture-src-0.1.1\ycapture\ycapture\x64\release\dllmain.obj
d:\coe_sasa\icf_autocapsule_disabled\ycapture-src-0.1.1\ycapture\x64\release\ycapture.dll
d:\coe_sasa\icf_autocapsule_disabled\ycapture-src-0.1.1\ycapture\x64\release\ycapture.pdb
d:\coe_sasa\icf_autocapsule_disabled\ycapture-src-0.1.1\ycapture\x64\release\ycapture.lib
d:\coe_sasa\icf_autocapsule_disabled\ycapture-src-0.1.1\ycapture\x64\release\ycapture.exp
d:\coe_sasa\icf_autocapsule_disabled\ycapture-src-0.1.1\ycapture\x64\release\ycapture.ipdb
d:\coe_sasa\icf_autocapsule_disabled\ycapture-src-0.1.1\ycapture\x64\release\ycapture.iobj
d:\coe_sasa\icf_autocapsule_disabled\ycapture-src-0.1.1\ycapture\ycapture\x64\release\ycapture.tlog\cl.command.1.tlog
d:\coe_sasa\icf_autocapsule_disabled\ycapture-src-0.1.1\ycapture\ycapture\x64\release\ycapture.tlog\cl.read.1.tlog
d:\coe_sasa\icf_autocapsule_disabled\ycapture-src-0.1.1\ycapture\ycapture\x64\release\ycapture.tlog\cl.write.1.tlog
d:\coe_sasa\icf_autocapsule_disabled\ycapture-src-0.1.1\ycapture\ycapture\x64\release\ycapture.tlog\link.command.1.tlog
d:\coe_sasa\icf_autocapsule_disabled\ycapture-src-0.1.1\ycapture\ycapture\x64\release\ycapture.tlog\link.read.1.tlog
d:\coe_sasa\icf_autocapsule_disabled\ycapture-src-0.1.1\ycapture\ycapture\x64\release\ycapture.tlog\link.write.1.tlog
d:\coe_sasa\icf_autocapsule_disabled\ycapture-src-0.1.1\ycapture\ycapture\x64\release\ycapture.tlog\ycapture.write.1u.tlog
