c:\users\0000011161522\desktop\ycapture-src-0.1.1\ycapture\ycapture\x64\debug\ycapture.pch
c:\users\0000011161522\desktop\ycapture-src-0.1.1\ycapture\ycapture\x64\debug\vc142.pdb
c:\users\0000011161522\desktop\ycapture-src-0.1.1\ycapture\ycapture\x64\debug\stdafx.obj
c:\users\0000011161522\desktop\ycapture-src-0.1.1\ycapture\ycapture\x64\debug\ycapture.obj
c:\users\0000011161522\desktop\ycapture-src-0.1.1\ycapture\ycapture\x64\debug\nullreceiver.obj
c:\users\0000011161522\desktop\ycapture-src-0.1.1\ycapture\ycapture\x64\debug\eventreceiver.obj
c:\users\0000011161522\desktop\ycapture-src-0.1.1\ycapture\ycapture\x64\debug\capturesource.obj
c:\users\0000011161522\desktop\ycapture-src-0.1.1\ycapture\ycapture\x64\debug\dllmain.obj
c:\users\0000011161522\desktop\ycapture-src-0.1.1\ycapture\x64\debug\ycapture.ilk
c:\users\0000011161522\desktop\ycapture-src-0.1.1\ycapture\x64\debug\ycapture.dll
c:\users\0000011161522\desktop\ycapture-src-0.1.1\ycapture\x64\debug\ycapture.pdb
c:\users\0000011161522\desktop\ycapture-src-0.1.1\ycapture\x64\debug\ycapture.lib
c:\users\0000011161522\desktop\ycapture-src-0.1.1\ycapture\x64\debug\ycapture.exp
d:\coe_sasa\icf_autocapsule_disabled\ycapture-src-0.1.1\ycapture\ycapture\x64\debug\capturesource.obj
d:\coe_sasa\icf_autocapsule_disabled\ycapture-src-0.1.1\ycapture\ycapture\x64\debug\dllmain.obj
d:\coe_sasa\icf_autocapsule_disabled\ycapture-src-0.1.1\ycapture\ycapture\x64\debug\eventreceiver.obj
d:\coe_sasa\icf_autocapsule_disabled\ycapture-src-0.1.1\ycapture\ycapture\x64\debug\nullreceiver.obj
d:\coe_sasa\icf_autocapsule_disabled\ycapture-src-0.1.1\ycapture\ycapture\x64\debug\stdafx.obj
d:\coe_sasa\icf_autocapsule_disabled\ycapture-src-0.1.1\ycapture\ycapture\x64\debug\ycapture.obj
d:\coe_sasa\icf_autocapsule_disabled\ycapture-src-0.1.1\ycapture\ycapture\x64\debug\ycapture.pch
d:\coe_sasa\icf_autocapsule_disabled\ycapture-src-0.1.1\ycapture\ycapture\x64\debug\vc142.pdb
d:\coe_sasa\icf_autocapsule_disabled\ycapture-src-0.1.1\ycapture\x64\debug\ycapture.pdb
d:\coe_sasa\icf_autocapsule_disabled\ycapture-src-0.1.1\ycapture\x64\debug\ycapture.dll
d:\coe_sasa\icf_autocapsule_disabled\ycapture-src-0.1.1\ycapture\x64\debug\ycapture.ilk
d:\coe_sasa\icf_autocapsule_disabled\ycapture-src-0.1.1\ycapture\ycapture\x64\debug\ycapture.tlog\cl.command.1.tlog
d:\coe_sasa\icf_autocapsule_disabled\ycapture-src-0.1.1\ycapture\ycapture\x64\debug\ycapture.tlog\cl.read.1.tlog
d:\coe_sasa\icf_autocapsule_disabled\ycapture-src-0.1.1\ycapture\ycapture\x64\debug\ycapture.tlog\cl.write.1.tlog
d:\coe_sasa\icf_autocapsule_disabled\ycapture-src-0.1.1\ycapture\ycapture\x64\debug\ycapture.tlog\link.command.1.tlog
d:\coe_sasa\icf_autocapsule_disabled\ycapture-src-0.1.1\ycapture\ycapture\x64\debug\ycapture.tlog\link.read.1.tlog
d:\coe_sasa\icf_autocapsule_disabled\ycapture-src-0.1.1\ycapture\ycapture\x64\debug\ycapture.tlog\link.write.1.tlog
d:\coe_sasa\icf_autocapsule_disabled\ycapture-src-0.1.1\ycapture\ycapture\x64\debug\ycapture.tlog\ycapture.write.1u.tlog
