c:\users\0000011161522\desktop\ycapture-src-0.1.1\ycapture\ycapture\release\ycapture.pch
c:\users\0000011161522\desktop\ycapture-src-0.1.1\ycapture\ycapture\release\vc142.pdb
c:\users\0000011161522\desktop\ycapture-src-0.1.1\ycapture\ycapture\release\stdafx.obj
c:\users\0000011161522\desktop\ycapture-src-0.1.1\ycapture\ycapture\release\ycapture.obj
c:\users\0000011161522\desktop\ycapture-src-0.1.1\ycapture\ycapture\release\nullreceiver.obj
c:\users\0000011161522\desktop\ycapture-src-0.1.1\ycapture\ycapture\release\eventreceiver.obj
c:\users\0000011161522\desktop\ycapture-src-0.1.1\ycapture\ycapture\release\capturesource.obj
c:\users\0000011161522\desktop\ycapture-src-0.1.1\ycapture\ycapture\release\dllmain.obj
c:\users\0000011161522\desktop\ycapture-src-0.1.1\ycapture\release\ycapture.dll
c:\users\0000011161522\desktop\ycapture-src-0.1.1\ycapture\release\ycapture.pdb
c:\users\0000011161522\desktop\ycapture-src-0.1.1\ycapture\release\ycapture.lib
c:\users\0000011161522\desktop\ycapture-src-0.1.1\ycapture\release\ycapture.exp
c:\users\0000011161522\desktop\ycapture-src-0.1.1\ycapture\release\ycapture.ipdb
c:\users\0000011161522\desktop\ycapture-src-0.1.1\ycapture\release\ycapture.iobj
c:\users\0000011161522\desktop\ycapture-src-0.1.1\ycapture\ycapture\release\ycapture.tlog\cl.command.1.tlog
c:\users\0000011161522\desktop\ycapture-src-0.1.1\ycapture\ycapture\release\ycapture.tlog\cl.read.1.tlog
c:\users\0000011161522\desktop\ycapture-src-0.1.1\ycapture\ycapture\release\ycapture.tlog\cl.write.1.tlog
c:\users\0000011161522\desktop\ycapture-src-0.1.1\ycapture\ycapture\release\ycapture.tlog\link.command.1.tlog
c:\users\0000011161522\desktop\ycapture-src-0.1.1\ycapture\ycapture\release\ycapture.tlog\link.read.1.tlog
c:\users\0000011161522\desktop\ycapture-src-0.1.1\ycapture\ycapture\release\ycapture.tlog\link.write.1.tlog
c:\users\0000011161522\desktop\ycapture-src-0.1.1\ycapture\ycapture\release\ycapture.tlog\ycapture.write.1u.tlog
